<?xml version="1.0" encoding="UTF-8"?>
<testsuite name="com.makrol.dummy.test.DummyTest" tests="1" skipped="0" failures="0" errors="0" timestamp="2023-01-10T12:40:47" hostname="LEBKUCHENHAUS" time="0.035">
  <properties/>
  <testcase name="shouldBeSuccessful()" classname="com.makrol.dummy.test.DummyTest" time="0.035"/>
  <system-out><![CDATA[]]></system-out>
  <system-err><![CDATA[]]></system-err>
</testsuite>
